{"/Users/zb/Code/open-rpc/schema-utils-js/src/parse-schema.js": {"path":"/Users/zb/Code/open-rpc/schema-utils-js/src/parse-schema.js","statementMap":{"0":{"start":{"line":1,"column":21},"end":{"line":1,"column":40}},"1":{"start":{"line":2,"column":18},"end":{"line":2,"column":51}},"2":{"start":{"line":3,"column":14},"end":{"line":3,"column":35}},"3":{"start":{"line":5,"column":12},"end":{"line":5,"column":25}},"4":{"start":{"line":7,"column":22},"end":{"line":10,"column":1}},"5":{"start":{"line":8,"column":2},"end":{"line":9,"column":28}},"6":{"start":{"line":8,"column":8},"end":{"line":8,"column":38}},"7":{"start":{"line":9,"column":13},"end":{"line":9,"column":26}},"8":{"start":{"line":12,"column":0},"end":{"line":41,"column":1}},"9":{"start":{"line":13,"column":21},"end":{"line":13,"column":42}},"10":{"start":{"line":15,"column":2},"end":{"line":17,"column":3}},"11":{"start":{"line":16,"column":4},"end":{"line":16,"column":35}},"12":{"start":{"line":19,"column":16},"end":{"line":19,"column":67}},"13":{"start":{"line":20,"column":2},"end":{"line":34,"column":3}},"14":{"start":{"line":21,"column":9},"end":{"line":34,"column":3}},"15":{"start":{"line":22,"column":4},"end":{"line":27,"column":5}},"16":{"start":{"line":23,"column":23},"end":{"line":23,"column":42}},"17":{"start":{"line":24,"column":6},"end":{"line":24,"column":43}},"18":{"start":{"line":26,"column":6},"end":{"line":26,"column":92}},"19":{"start":{"line":29,"column":4},"end":{"line":33,"column":5}},"20":{"start":{"line":30,"column":6},"end":{"line":30,"column":44}},"21":{"start":{"line":32,"column":6},"end":{"line":32,"column":79}},"22":{"start":{"line":36,"column":2},"end":{"line":40,"column":3}},"23":{"start":{"line":37,"column":4},"end":{"line":37,"column":53}},"24":{"start":{"line":39,"column":4},"end":{"line":39,"column":104}}},"fnMap":{"0":{"name":"(anonymous_0)","decl":{"start":{"line":7,"column":22},"end":{"line":7,"column":23}},"loc":{"start":{"line":7,"column":38},"end":{"line":10,"column":1}},"line":7},"1":{"name":"getSchema","decl":{"start":{"line":12,"column":32},"end":{"line":12,"column":41}},"loc":{"start":{"line":12,"column":50},"end":{"line":41,"column":1}},"line":12}},"branchMap":{"0":{"loc":{"start":{"line":15,"column":2},"end":{"line":17,"column":3}},"type":"if","locations":[{"start":{"line":15,"column":2},"end":{"line":17,"column":3}},{"start":{"line":15,"column":2},"end":{"line":17,"column":3}}],"line":15},"1":{"loc":{"start":{"line":19,"column":16},"end":{"line":19,"column":67}},"type":"binary-expr","locations":[{"start":{"line":19,"column":16},"end":{"line":19,"column":39}},{"start":{"line":19,"column":43},"end":{"line":19,"column":67}}],"line":19},"2":{"loc":{"start":{"line":20,"column":2},"end":{"line":34,"column":3}},"type":"if","locations":[{"start":{"line":20,"column":2},"end":{"line":34,"column":3}},{"start":{"line":20,"column":2},"end":{"line":34,"column":3}}],"line":20},"3":{"loc":{"start":{"line":21,"column":9},"end":{"line":34,"column":3}},"type":"if","locations":[{"start":{"line":21,"column":9},"end":{"line":34,"column":3}},{"start":{"line":21,"column":9},"end":{"line":34,"column":3}}],"line":21},"4":{"loc":{"start":{"line":21,"column":13},"end":{"line":21,"column":28}},"type":"binary-expr","locations":[{"start":{"line":21,"column":13},"end":{"line":21,"column":19}},{"start":{"line":21,"column":23},"end":{"line":21,"column":28}}],"line":21}},"s":{"0":1,"1":1,"2":1,"3":1,"4":1,"5":8,"6":8,"7":7,"8":1,"9":8,"10":8,"11":3,"12":8,"13":8,"14":7,"15":2,"16":2,"17":2,"18":1,"19":5,"20":5,"21":2,"22":5,"23":5,"24":1},"f":{"0":8,"1":8},"b":{"0":[3,5],"1":[8,6],"2":[1,7],"3":[2,5],"4":[7,7]},"_coverageSchema":"43e27e138ebf9cfc5966b082cf9a028302ed4184","hash":"7730704a3fc06bda19064542c27140c7ed988be1"}
}
