TN:
SF:/Users/zb/Code/open-rpc/schema-utils-js/src/parse-schema.js
FN:7,(anonymous_0)
FN:12,getSchema
FNF:2
FNH:2
FNDA:8,(anonymous_0)
FNDA:8,getSchema
DA:1,1
DA:2,1
DA:3,1
DA:5,1
DA:7,1
DA:8,8
DA:9,7
DA:12,1
DA:13,8
DA:15,8
DA:16,3
DA:19,8
DA:20,8
DA:21,7
DA:22,2
DA:23,2
DA:24,2
DA:26,1
DA:29,5
DA:30,5
DA:32,2
DA:36,5
DA:37,5
DA:39,1
LF:24
LH:24
BRDA:15,0,0,3
BRDA:15,0,1,5
BRDA:19,1,0,8
BRDA:19,1,1,6
BRDA:20,2,0,1
BRDA:20,2,1,7
BRDA:21,3,0,2
BRDA:21,3,1,5
BRDA:21,4,0,7
BRDA:21,4,1,7
BRF:10
BRH:10
end_of_record
